<?xml version="1.0" encoding="UTF-8"?>
<testsuites name="TestSuiteOne" time="33.803" tests="2" failures="0" errors="0">
   <testsuite name="TestSuiteOne" tests="2" failures="0" errors="0" time="33.803" skipped="0" timestamp="2021-09-02 10:22:09" hostname="ASUS - 192.168.73.1" id="Test Suites/TestSuiteOne">
      <properties>
         <property name="deviceName" value=""/>
         <property name="devicePlatform" value=""/>
         <property name="logFolder" value="D:\\Katalon_Studio\\Git\\KatalonSCMtest\\Reports\\20210902_102205\\TestSuiteOne\\20210902_102205"/>
         <property name="logFiles" value="D:\\Katalon_Studio\\Git\\KatalonSCMtest\\Reports\\20210902_102205\\TestSuiteOne\\20210902_102205\\execution0.log"/>
         <property name="attachments" value=""/>
         <property name="hostName" value="ASUS - 192.168.73.1"/>
         <property name="os" value="Windows 10 64bit"/>
         <property name="katalonVersion" value="8.1.0.208"/>
         <property name="browser" value="Chrome 93.0.4577.63"/>
         <property name="hostAddress" value="192.168.73.1"/>
         <property name="sessionId" value="3eb8278cc38ca043c5896b8b00ccb9f4"/>
         <property name="seleniumVersion" value="3.141.59"/>
         <property name="proxyInformation" value="ProxyInformation { proxyOption=NO_PROXY, proxyServerType=HTTP, username=, password=********, proxyServerAddress=, proxyServerPort=0, executionList=&quot;&quot;, isApplyToDesiredCapabilities=true }"/>
         <property name="platform" value="Windows 10"/>
      </properties>
      <testcase name="Test Cases/Test 1 testerrr uy" time="26.784" classname="Test Cases/Test 1 testerrr uy" status="PASSED">
         <system-out><![CDATA[2021-09-02 10:22:10 - [TEST_CASE][PASSED] - Test Cases/Test 1 testerrr uy: Test Cases/Test 1 testerrr uy

2021-09-02 10:22:10 - [TEST_STEP][PASSED] - openBrowser(""): Browser is opened with url: ''

2021-09-02 10:22:11 - [MESSAGE][INFO] - Starting 'Chrome' driver

2021-09-02 10:22:11 - [MESSAGE][INFO] - Action delay is set to 0 milliseconds

2021-09-02 10:22:15 - [MESSAGE][PASSED] - Browser is opened with url: ''

2021-09-02 10:22:15 - [TEST_STEP][PASSED] - navigateToUrl("https://opensource-demo.orangehrmlive.com/"): Navigate to 'https://opensource-demo.orangehrmlive.com/' successfully

2021-09-02 10:22:25 - [MESSAGE][PASSED] - Navigate to 'https://opensource-demo.orangehrmlive.com/' successfully

2021-09-02 10:22:25 - [TEST_STEP][PASSED] - setText(findTestObject("Object Repository/Test1_OR/Page_OrangeHRM/input_LOGIN Panel_txtUsername"), "Admin"): Text 'Admin' is set on object 'Object Repository/Test1_OR/Page_OrangeHRM/input_LOGIN Panel_txtUsername'

2021-09-02 10:22:26 - [MESSAGE][PASSED] - Text 'Admin' is set on object 'Object Repository/Test1_OR/Page_OrangeHRM/input_LOGIN Panel_txtUsername'

2021-09-02 10:22:26 - [TEST_STEP][PASSED] - setEncryptedText(findTestObject("Object Repository/Test1_OR/Page_OrangeHRM/input_Username_txtPassword"), "hUKwJTbofgPU9eVlw/CnDQ=="): Text ****** has been set on object 'Object Repository/Test1_OR/Page_OrangeHRM/input_Username_txtPassword'

2021-09-02 10:22:27 - [MESSAGE][PASSED] - Text ****** has been set on object 'Object Repository/Test1_OR/Page_OrangeHRM/input_Username_txtPassword'

2021-09-02 10:22:27 - [TEST_STEP][PASSED] - click(findTestObject("Object Repository/Test1_OR/Page_OrangeHRM/input_Password_Submit")): Object: 'Object Repository/Test1_OR/Page_OrangeHRM/input_Password_Submit' is clicked on

2021-09-02 10:22:34 - [MESSAGE][PASSED] - Object: 'Object Repository/Test1_OR/Page_OrangeHRM/input_Password_Submit' is clicked on

2021-09-02 10:22:34 - [TEST_STEP][PASSED] - click(findTestObject("Object Repository/Test1_OR/Page_OrangeHRM/input_People who like this post_Subscriber_link")): Object: 'Object Repository/Test1_OR/Page_OrangeHRM/input_People who like this post_Subscriber_link' is clicked on

2021-09-02 10:22:35 - [MESSAGE][PASSED] - Object: 'Object Repository/Test1_OR/Page_OrangeHRM/input_People who like this post_Subscriber_link' is clicked on

2021-09-02 10:22:35 - [TEST_STEP][PASSED] - closeBrowser(): Browser is closed

2021-09-02 10:22:36 - [MESSAGE][PASSED] - Browser is closed]]></system-out>
         <system-err><![CDATA[]]></system-err>
      </testcase>
      <testcase name="Test Cases/Test 2" time="5.959" classname="Test Cases/Test 2" status="PASSED">
         <system-out><![CDATA[2021-09-02 10:22:36 - [TEST_CASE][PASSED] - Test Cases/Test 2: Test Cases/Test 2

2021-09-02 10:22:37 - [TEST_STEP][PASSED] - openBrowser("https://translate.google.com/?sl=en&tl=id&text=My%20experience%20in%20competitive%20programming%20has%20helped%20me%20tremendously%20in%20applying%20for%20internship%20positions.%20&op=translate"): Browser is opened with url: 'https://translate.google.com/?sl=en&tl=id&text=My%20experience%20in%20competitive%20programming%20has%20helped%20me%20tremendously%20in%20applying%20for%20internship%20positions.%20&op=translate'

2021-09-02 10:22:37 - [MESSAGE][INFO] - Starting 'Chrome' driver

2021-09-02 10:22:37 - [MESSAGE][INFO] - Action delay is set to 0 milliseconds

2021-09-02 10:22:41 - [MESSAGE][PASSED] - Browser is opened with url: 'https://translate.google.com/?sl=en&tl=id&text=My%20experience%20in%20competitive%20programming%20has%20helped%20me%20tremendously%20in%20applying%20for%20internship%20positions.%20&op=translate'

2021-09-02 10:22:41 - [TEST_STEP][PASSED] - closeBrowser(): Browser is closed

2021-09-02 10:22:42 - [MESSAGE][PASSED] - Browser is closed]]></system-out>
         <system-err><![CDATA[]]></system-err>
      </testcase>
      <system-out><![CDATA[2021-09-02 10:22:09 - [TEST_SUITE][PASSED] - TestSuiteOne: Test Cases/Test 2]]></system-out>
      <system-err><![CDATA[]]></system-err>
   </testsuite>
</testsuites>
