<?xml version="1.0" encoding="UTF-8"?>
<testsuites name="TestSuiteOne" time="1.98" tests="0" failures="0" errors="0">
   <testsuite name="TestSuiteOne" tests="0" failures="0" errors="0" time="1.98" skipped="0" timestamp="2021-09-02 10:06:47" hostname="ASUS - 192.168.73.1" id="Test Suites/TestSuiteOne">
      <properties>
         <property name="deviceName" value=""/>
         <property name="devicePlatform" value=""/>
         <property name="logFolder" value="D:\\Katalon_Studio\\Git\\KatalonSCMtest\\Reports\\20210902_100637\\TestSuiteOne\\20210902_100639"/>
         <property name="logFiles" value="D:\\Katalon_Studio\\Git\\KatalonSCMtest\\Reports\\20210902_100637\\TestSuiteOne\\20210902_100639\\execution0.log"/>
         <property name="attachments" value=""/>
         <property name="hostName" value="ASUS - 192.168.73.1"/>
         <property name="hostAddress" value="192.168.73.1"/>
         <property name="os" value="Windows 10 64bit"/>
         <property name="katalonVersion" value="8.1.0.208"/>
      </properties>
      <system-out><![CDATA[2021-09-02 10:06:47 - [TEST_SUITE][PASSED] - TestSuiteOne: null]]></system-out>
      <system-err><![CDATA[]]></system-err>
   </testsuite>
</testsuites>
